Flow report for RF
Sat May 07 19:29:50 2022
Quartus Prime Version 20.1.1 Build 720 11/11/2020 SJ Lite Edition


---------------------
; Table of Contents ;
---------------------
  1. Legal Notice
  2. Flow Summary
  3. Flow Settings
  4. Flow Non-Default Global Settings
  5. Flow Elapsed Time
  6. Flow OS Summary
  7. Flow Log
  8. Flow Messages
  9. Flow Suppressed Messages



----------------
; Legal Notice ;
----------------
Copyright (C) 2020  Intel Corporation. All rights reserved.
Your use of Intel Corporation's design tools, logic functions 
and other software and tools, and any partner logic 
functions, and any output files from any of the foregoing 
(including device programming or simulation files), and any 
associated documentation or information are expressly subject 
to the terms and conditions of the Intel Program License 
Subscription Agreement, the Intel Quartus Prime License Agreement,
the Intel FPGA IP License Agreement, or other applicable license
agreement, including, without limitation, that your use is for
the sole purpose of programming logic devices manufactured by
Intel and sold by Intel or its authorized distributors.  Please
refer to the applicable agreement for further details, at
https://fpgasoftware.intel.com/eula.



+---------------------------------------------------------------------+
; Flow Summary                                                        ;
+-----------------------+---------------------------------------------+
; Flow Status           ; Successful - Sat May 07 19:29:50 2022       ;
; Quartus Prime Version ; 20.1.1 Build 720 11/11/2020 SJ Lite Edition ;
; Revision Name         ; RF                                          ;
; Top-level Entity Name ; processor                                   ;
; Family                ; MAX V                                       ;
; Total logic elements  ; 0 / 40 ( 0 % )                              ;
; Total pins            ; 2 / 30 ( 7 % )                              ;
; Total virtual pins    ; 0                                           ;
; UFM blocks            ; 0 / 1 ( 0 % )                               ;
; Device                ; 5M40ZM64C4                                  ;
; Timing Models         ; Final                                       ;
+-----------------------+---------------------------------------------+


+-----------------------------------------+
; Flow Settings                           ;
+-------------------+---------------------+
; Option            ; Setting             ;
+-------------------+---------------------+
; Start date & time ; 05/07/2022 19:29:38 ;
; Main task         ; Compilation         ;
; Revision Name     ; RF                  ;
+-------------------+---------------------+


+------------------------------------------------------------------------------------------------------------------------------------------+
; Flow Non-Default Global Settings                                                                                                         ;
+--------------------------------------+---------------------------------+---------------+-------------+-----------------------------------+
; Assignment Name                      ; Value                           ; Default Value ; Entity Name ; Section Id                        ;
+--------------------------------------+---------------------------------+---------------+-------------+-----------------------------------+
; COMPILER_SIGNATURE_ID                ; 154239759977810.165193197815204 ; --            ; --          ; --                                ;
; EDA_DESIGN_INSTANCE_NAME             ; NA                              ; --            ; --          ; TB                                ;
; EDA_GENERATE_FUNCTIONAL_NETLIST      ; Off                             ; --            ; --          ; eda_board_design_timing           ;
; EDA_GENERATE_FUNCTIONAL_NETLIST      ; Off                             ; --            ; --          ; eda_board_design_boundary_scan    ;
; EDA_GENERATE_FUNCTIONAL_NETLIST      ; Off                             ; --            ; --          ; eda_board_design_signal_integrity ;
; EDA_GENERATE_FUNCTIONAL_NETLIST      ; Off                             ; --            ; --          ; eda_board_design_symbol           ;
; EDA_NATIVELINK_SIMULATION_TEST_BENCH ; TB                              ; --            ; --          ; eda_simulation                    ;
; EDA_OUTPUT_DATA_FORMAT               ; Vhdl                            ; --            ; --          ; eda_simulation                    ;
; EDA_SIMULATION_TOOL                  ; ModelSim-Altera (VHDL)          ; <None>        ; --          ; --                                ;
; EDA_TEST_BENCH_ENABLE_STATUS         ; NOT_USED                        ; --            ; --          ; eda_simulation                    ;
; EDA_TEST_BENCH_FILE                  ; TB.vhd                          ; --            ; --          ; TB                                ;
; EDA_TEST_BENCH_MODULE_NAME           ; TB                              ; --            ; --          ; TB                                ;
; EDA_TEST_BENCH_NAME                  ; TB                              ; --            ; --          ; eda_simulation                    ;
; EDA_TEST_BENCH_RUN_SIM_FOR           ; 1 ns                            ; --            ; --          ; TB                                ;
; EDA_TIME_SCALE                       ; 1 ps                            ; --            ; --          ; eda_simulation                    ;
; PROJECT_OUTPUT_DIRECTORY             ; output_files                    ; --            ; --          ; --                                ;
; TOP_LEVEL_ENTITY                     ; processor                       ; RF            ; --          ; --                                ;
+--------------------------------------+---------------------------------+---------------+-------------+-----------------------------------+


+--------------------------------------------------------------------------------------------------------------------------+
; Flow Elapsed Time                                                                                                        ;
+----------------------+--------------+-------------------------+---------------------+------------------------------------+
; Module Name          ; Elapsed Time ; Average Processors Used ; Peak Virtual Memory ; Total CPU Time (on all processors) ;
+----------------------+--------------+-------------------------+---------------------+------------------------------------+
; Analysis & Synthesis ; 00:00:08     ; 1.0                     ; 4775 MB             ; 00:00:19                           ;
; Fitter               ; 00:00:01     ; 1.0                     ; 6083 MB             ; 00:00:01                           ;
; Assembler            ; 00:00:00     ; 1.0                     ; 4666 MB             ; 00:00:00                           ;
; Timing Analyzer      ; 00:00:00     ; 1.0                     ; 4651 MB             ; 00:00:00                           ;
; EDA Netlist Writer   ; 00:00:00     ; 1.0                     ; 4622 MB             ; 00:00:00                           ;
; Total                ; 00:00:09     ; --                      ; --                  ; 00:00:20                           ;
+----------------------+--------------+-------------------------+---------------------+------------------------------------+


+------------------------------------------------------------------------------------+
; Flow OS Summary                                                                    ;
+----------------------+------------------+------------+------------+----------------+
; Module Name          ; Machine Hostname ; OS Name    ; OS Version ; Processor type ;
+----------------------+------------------+------------+------------+----------------+
; Analysis & Synthesis ; NeerajNixon-PC   ; Windows 10 ; 10.0       ; x86_64         ;
; Fitter               ; NeerajNixon-PC   ; Windows 10 ; 10.0       ; x86_64         ;
; Assembler            ; NeerajNixon-PC   ; Windows 10 ; 10.0       ; x86_64         ;
; Timing Analyzer      ; NeerajNixon-PC   ; Windows 10 ; 10.0       ; x86_64         ;
; EDA Netlist Writer   ; NeerajNixon-PC   ; Windows 10 ; 10.0       ; x86_64         ;
+----------------------+------------------+------------+------------+----------------+


------------
; Flow Log ;
------------
quartus_map --read_settings_files=on --write_settings_files=off MultiCycle -c RF
quartus_fit --read_settings_files=off --write_settings_files=off MultiCycle -c RF
quartus_asm --read_settings_files=off --write_settings_files=off MultiCycle -c RF
quartus_sta MultiCycle -c RF
quartus_eda --read_settings_files=off --write_settings_files=off MultiCycle -c RF



